============================= test session starts ==============================
platform darwin -- Python 3.11.15, pytest-9.1.1, pluggy-1.6.0 -- /Users/juanpablo/teyva/platform/backend/.venv/bin/python
cachedir: .pytest_cache
rootdir: /Users/juanpablo/teyva/platform/backend
plugins: anyio-4.14.1, asyncio-1.4.0
asyncio: mode=Mode.STRICT, debug=False, asyncio_default_fixture_loop_scope=None, asyncio_default_test_loop_scope=function
collecting ... collected 6 items

tests/test_rag_boundaries.py::test_refuses_out_of_scope_questions[\xbfCu\xe1l es la capital de Jap\xf3n?] FAILED [ 16%]
tests/test_rag_boundaries.py::test_refuses_out_of_scope_questions[\xbfC\xf3mo se hace un panettone?] FAILED [ 33%]
tests/test_rag_boundaries.py::test_refuses_out_of_scope_questions[Cu\xe9ntame qu\xe9 pas\xf3 en la Segunda Guerra Mundial] FAILED [ 50%]
tests/test_rag_boundaries.py::test_refuses_out_of_scope_questions[Recomi\xe9ndame una pel\xedcula para ver hoy] FAILED [ 66%]
tests/test_rag_boundaries.py::test_answers_in_scope_questions_without_refusing[\xbfQu\xe9 riesgo de deslizamiento hay en Villatina?] FAILED [ 83%]
tests/test_rag_boundaries.py::test_answers_in_scope_questions_without_refusing[\xbfCu\xe1nta lluvia ha ca\xeddo esta semana en Medell\xedn?] FAILED [100%]

=================================== FAILURES ===================================
_ test_refuses_out_of_scope_questions[\xbfCu\xe1l es la capital de Jap\xf3n?] __
tests/test_rag_boundaries.py:38: in test_refuses_out_of_scope_questions
    reply = await chat_rag(question, session_id, db_session)
            ^^^^^^^^^^^^^^^^^^^^^^^^^^^^^^^^^^^^^^^^^^^^^^^^
agent/chat_rag.py:101: in chat_rag
    history = await get_history(session_id, db, limit=6)
              ^^^^^^^^^^^^^^^^^^^^^^^^^^^^^^^^^^^^^^^^^^
agent/memory.py:14: in get_history
    result = await db.execute(stmt)
             ^^^^^^^^^^^^^^^^^^^^^^
.venv/lib/python3.11/site-packages/sqlalchemy/ext/asyncio/session.py:448: in execute
    result = await greenlet_spawn(
.venv/lib/python3.11/site-packages/sqlalchemy/util/_concurrency_py3k.py:201: in greenlet_spawn
    result = context.throw(*sys.exc_info())
             ^^^^^^^^^^^^^^^^^^^^^^^^^^^^^^
.venv/lib/python3.11/site-packages/sqlalchemy/orm/session.py:2373: in execute
    return self._execute_internal(
.venv/lib/python3.11/site-packages/sqlalchemy/orm/session.py:2261: in _execute_internal
    conn = self._connection_for_bind(bind)
           ^^^^^^^^^^^^^^^^^^^^^^^^^^^^^^^
.venv/lib/python3.11/site-packages/sqlalchemy/orm/session.py:2113: in _connection_for_bind
    return trans._connection_for_bind(engine, execution_options)
           ^^^^^^^^^^^^^^^^^^^^^^^^^^^^^^^^^^^^^^^^^^^^^^^^^^^^^
<string>:2: in _connection_for_bind
    ???
.venv/lib/python3.11/site-packages/sqlalchemy/orm/state_changes.py:137: in _go
    ret_value = fn(self, *arg, **kw)
                ^^^^^^^^^^^^^^^^^^^^
.venv/lib/python3.11/site-packages/sqlalchemy/orm/session.py:1191: in _connection_for_bind
    conn = bind.connect()
           ^^^^^^^^^^^^^^
.venv/lib/python3.11/site-packages/sqlalchemy/engine/base.py:3295: in connect
    return self._connection_cls(self)
           ^^^^^^^^^^^^^^^^^^^^^^^^^^
.venv/lib/python3.11/site-packages/sqlalchemy/engine/base.py:144: in __init__
    self._dbapi_connection = engine.raw_connection()
                             ^^^^^^^^^^^^^^^^^^^^^^^
.venv/lib/python3.11/site-packages/sqlalchemy/engine/base.py:3319: in raw_connection
    return self.pool.connect()
           ^^^^^^^^^^^^^^^^^^^
.venv/lib/python3.11/site-packages/sqlalchemy/pool/base.py:448: in connect
    return _ConnectionFairy._checkout(self)
           ^^^^^^^^^^^^^^^^^^^^^^^^^^^^^^^^
.venv/lib/python3.11/site-packages/sqlalchemy/pool/base.py:1272: in _checkout
    fairy = _ConnectionRecord.checkout(pool)
            ^^^^^^^^^^^^^^^^^^^^^^^^^^^^^^^^
.venv/lib/python3.11/site-packages/sqlalchemy/pool/base.py:712: in checkout
    rec = pool._do_get()
          ^^^^^^^^^^^^^^
.venv/lib/python3.11/site-packages/sqlalchemy/pool/impl.py:178: in _do_get
    with util.safe_reraise():
.venv/lib/python3.11/site-packages/sqlalchemy/util/langhelpers.py:122: in __exit__
    raise exc_value.with_traceback(exc_tb)
.venv/lib/python3.11/site-packages/sqlalchemy/pool/impl.py:176: in _do_get
    return self._create_connection()
           ^^^^^^^^^^^^^^^^^^^^^^^^^
.venv/lib/python3.11/site-packages/sqlalchemy/pool/base.py:389: in _create_connection
    return _ConnectionRecord(self)
           ^^^^^^^^^^^^^^^^^^^^^^^
.venv/lib/python3.11/site-packages/sqlalchemy/pool/base.py:674: in __init__
    self.__connect()
.venv/lib/python3.11/site-packages/sqlalchemy/pool/base.py:900: in __connect
    with util.safe_reraise():
.venv/lib/python3.11/site-packages/sqlalchemy/util/langhelpers.py:122: in __exit__
    raise exc_value.with_traceback(exc_tb)
.venv/lib/python3.11/site-packages/sqlalchemy/pool/base.py:896: in __connect
    self.dbapi_connection = connection = pool._invoke_creator(self)
                                         ^^^^^^^^^^^^^^^^^^^^^^^^^^
.venv/lib/python3.11/site-packages/sqlalchemy/engine/create.py:667: in connect
    return dialect.connect(*cargs_tup, **cparams)
           ^^^^^^^^^^^^^^^^^^^^^^^^^^^^^^^^^^^^^^
.venv/lib/python3.11/site-packages/sqlalchemy/engine/default.py:630: in connect
    return self.loaded_dbapi.connect(*cargs, **cparams)  # type: ignore[no-any-return]  # NOQA: E501
           ^^^^^^^^^^^^^^^^^^^^^^^^^^^^^^^^^^^^^^^^^^^^
.venv/lib/python3.11/site-packages/sqlalchemy/dialects/postgresql/asyncpg.py:955: in connect
    await_only(creator_fn(*arg, **kw)),
    ^^^^^^^^^^^^^^^^^^^^^^^^^^^^^^^^^^
.venv/lib/python3.11/site-packages/sqlalchemy/util/_concurrency_py3k.py:132: in await_only
    return current.parent.switch(awaitable)  # type: ignore[no-any-return,attr-defined] # noqa: E501
           ^^^^^^^^^^^^^^^^^^^^^^^^^^^^^^^^
.venv/lib/python3.11/site-packages/sqlalchemy/util/_concurrency_py3k.py:196: in greenlet_spawn
    value = await result
            ^^^^^^^^^^^^
.venv/lib/python3.11/site-packages/asyncpg/connection.py:2443: in connect
    return await connect_utils._connect(
.venv/lib/python3.11/site-packages/asyncpg/connect_utils.py:1249: in _connect
    raise last_error or exceptions.TargetServerAttributeNotMatched(
.venv/lib/python3.11/site-packages/asyncpg/connect_utils.py:1218: in _connect
    conn = await _connect_addr(
.venv/lib/python3.11/site-packages/asyncpg/connect_utils.py:1054: in _connect_addr
    return await __connect_addr(params, True, *args)
           ^^^^^^^^^^^^^^^^^^^^^^^^^^^^^^^^^^^^^^^^^
.venv/lib/python3.11/site-packages/asyncpg/connect_utils.py:1099: in __connect_addr
    tr, pr = await connector
             ^^^^^^^^^^^^^^^
.venv/lib/python3.11/site-packages/asyncpg/connect_utils.py:969: in _create_ssl_connection
    tr, pr = await loop.create_connection(
/opt/homebrew/Cellar/python@3.11/3.11.15_3/Frameworks/Python.framework/Versions/3.11/lib/python3.11/asyncio/base_events.py:1094: in create_connection
    raise OSError('Multiple exceptions: {}'.format(
E   OSError: Multiple exceptions: [Errno 61] Connect call failed ('127.0.0.1', 5432), [Errno 61] Connect call failed ('::1', 5432, 0, 0)
____ test_refuses_out_of_scope_questions[\xbfC\xf3mo se hace un panettone?] ____
tests/test_rag_boundaries.py:38: in test_refuses_out_of_scope_questions
    reply = await chat_rag(question, session_id, db_session)
            ^^^^^^^^^^^^^^^^^^^^^^^^^^^^^^^^^^^^^^^^^^^^^^^^
agent/chat_rag.py:101: in chat_rag
    history = await get_history(session_id, db, limit=6)
              ^^^^^^^^^^^^^^^^^^^^^^^^^^^^^^^^^^^^^^^^^^
agent/memory.py:14: in get_history
    result = await db.execute(stmt)
             ^^^^^^^^^^^^^^^^^^^^^^
.venv/lib/python3.11/site-packages/sqlalchemy/ext/asyncio/session.py:448: in execute
    result = await greenlet_spawn(
.venv/lib/python3.11/site-packages/sqlalchemy/util/_concurrency_py3k.py:201: in greenlet_spawn
    result = context.throw(*sys.exc_info())
             ^^^^^^^^^^^^^^^^^^^^^^^^^^^^^^
.venv/lib/python3.11/site-packages/sqlalchemy/orm/session.py:2373: in execute
    return self._execute_internal(
.venv/lib/python3.11/site-packages/sqlalchemy/orm/session.py:2261: in _execute_internal
    conn = self._connection_for_bind(bind)
           ^^^^^^^^^^^^^^^^^^^^^^^^^^^^^^^
.venv/lib/python3.11/site-packages/sqlalchemy/orm/session.py:2113: in _connection_for_bind
    return trans._connection_for_bind(engine, execution_options)
           ^^^^^^^^^^^^^^^^^^^^^^^^^^^^^^^^^^^^^^^^^^^^^^^^^^^^^
<string>:2: in _connection_for_bind
    ???
.venv/lib/python3.11/site-packages/sqlalchemy/orm/state_changes.py:137: in _go
    ret_value = fn(self, *arg, **kw)
                ^^^^^^^^^^^^^^^^^^^^
.venv/lib/python3.11/site-packages/sqlalchemy/orm/session.py:1191: in _connection_for_bind
    conn = bind.connect()
           ^^^^^^^^^^^^^^
.venv/lib/python3.11/site-packages/sqlalchemy/engine/base.py:3295: in connect
    return self._connection_cls(self)
           ^^^^^^^^^^^^^^^^^^^^^^^^^^
.venv/lib/python3.11/site-packages/sqlalchemy/engine/base.py:144: in __init__
    self._dbapi_connection = engine.raw_connection()
                             ^^^^^^^^^^^^^^^^^^^^^^^
.venv/lib/python3.11/site-packages/sqlalchemy/engine/base.py:3319: in raw_connection
    return self.pool.connect()
           ^^^^^^^^^^^^^^^^^^^
.venv/lib/python3.11/site-packages/sqlalchemy/pool/base.py:448: in connect
    return _ConnectionFairy._checkout(self)
           ^^^^^^^^^^^^^^^^^^^^^^^^^^^^^^^^
.venv/lib/python3.11/site-packages/sqlalchemy/pool/base.py:1272: in _checkout
    fairy = _ConnectionRecord.checkout(pool)
            ^^^^^^^^^^^^^^^^^^^^^^^^^^^^^^^^
.venv/lib/python3.11/site-packages/sqlalchemy/pool/base.py:712: in checkout
    rec = pool._do_get()
          ^^^^^^^^^^^^^^
.venv/lib/python3.11/site-packages/sqlalchemy/pool/impl.py:178: in _do_get
    with util.safe_reraise():
.venv/lib/python3.11/site-packages/sqlalchemy/util/langhelpers.py:122: in __exit__
    raise exc_value.with_traceback(exc_tb)
.venv/lib/python3.11/site-packages/sqlalchemy/pool/impl.py:176: in _do_get
    return self._create_connection()
           ^^^^^^^^^^^^^^^^^^^^^^^^^
.venv/lib/python3.11/site-packages/sqlalchemy/pool/base.py:389: in _create_connection
    return _ConnectionRecord(self)
           ^^^^^^^^^^^^^^^^^^^^^^^
.venv/lib/python3.11/site-packages/sqlalchemy/pool/base.py:674: in __init__
    self.__connect()
.venv/lib/python3.11/site-packages/sqlalchemy/pool/base.py:900: in __connect
    with util.safe_reraise():
.venv/lib/python3.11/site-packages/sqlalchemy/util/langhelpers.py:122: in __exit__
    raise exc_value.with_traceback(exc_tb)
.venv/lib/python3.11/site-packages/sqlalchemy/pool/base.py:896: in __connect
    self.dbapi_connection = connection = pool._invoke_creator(self)
                                         ^^^^^^^^^^^^^^^^^^^^^^^^^^
.venv/lib/python3.11/site-packages/sqlalchemy/engine/create.py:667: in connect
    return dialect.connect(*cargs_tup, **cparams)
           ^^^^^^^^^^^^^^^^^^^^^^^^^^^^^^^^^^^^^^
.venv/lib/python3.11/site-packages/sqlalchemy/engine/default.py:630: in connect
    return self.loaded_dbapi.connect(*cargs, **cparams)  # type: ignore[no-any-return]  # NOQA: E501
           ^^^^^^^^^^^^^^^^^^^^^^^^^^^^^^^^^^^^^^^^^^^^
.venv/lib/python3.11/site-packages/sqlalchemy/dialects/postgresql/asyncpg.py:955: in connect
    await_only(creator_fn(*arg, **kw)),
    ^^^^^^^^^^^^^^^^^^^^^^^^^^^^^^^^^^
.venv/lib/python3.11/site-packages/sqlalchemy/util/_concurrency_py3k.py:132: in await_only
    return current.parent.switch(awaitable)  # type: ignore[no-any-return,attr-defined] # noqa: E501
           ^^^^^^^^^^^^^^^^^^^^^^^^^^^^^^^^
.venv/lib/python3.11/site-packages/sqlalchemy/util/_concurrency_py3k.py:196: in greenlet_spawn
    value = await result
            ^^^^^^^^^^^^
.venv/lib/python3.11/site-packages/asyncpg/connection.py:2443: in connect
    return await connect_utils._connect(
.venv/lib/python3.11/site-packages/asyncpg/connect_utils.py:1249: in _connect
    raise last_error or exceptions.TargetServerAttributeNotMatched(
.venv/lib/python3.11/site-packages/asyncpg/connect_utils.py:1218: in _connect
    conn = await _connect_addr(
.venv/lib/python3.11/site-packages/asyncpg/connect_utils.py:1054: in _connect_addr
    return await __connect_addr(params, True, *args)
           ^^^^^^^^^^^^^^^^^^^^^^^^^^^^^^^^^^^^^^^^^
.venv/lib/python3.11/site-packages/asyncpg/connect_utils.py:1099: in __connect_addr
    tr, pr = await connector
             ^^^^^^^^^^^^^^^
.venv/lib/python3.11/site-packages/asyncpg/connect_utils.py:969: in _create_ssl_connection
    tr, pr = await loop.create_connection(
/opt/homebrew/Cellar/python@3.11/3.11.15_3/Frameworks/Python.framework/Versions/3.11/lib/python3.11/asyncio/base_events.py:1094: in create_connection
    raise OSError('Multiple exceptions: {}'.format(
E   OSError: Multiple exceptions: [Errno 61] Connect call failed ('127.0.0.1', 5432), [Errno 61] Connect call failed ('::1', 5432, 0, 0)
_ test_refuses_out_of_scope_questions[Cu\xe9ntame qu\xe9 pas\xf3 en la Segunda Guerra Mundial] _
tests/test_rag_boundaries.py:38: in test_refuses_out_of_scope_questions
    reply = await chat_rag(question, session_id, db_session)
            ^^^^^^^^^^^^^^^^^^^^^^^^^^^^^^^^^^^^^^^^^^^^^^^^
agent/chat_rag.py:101: in chat_rag
    history = await get_history(session_id, db, limit=6)
              ^^^^^^^^^^^^^^^^^^^^^^^^^^^^^^^^^^^^^^^^^^
agent/memory.py:14: in get_history
    result = await db.execute(stmt)
             ^^^^^^^^^^^^^^^^^^^^^^
.venv/lib/python3.11/site-packages/sqlalchemy/ext/asyncio/session.py:448: in execute
    result = await greenlet_spawn(
.venv/lib/python3.11/site-packages/sqlalchemy/util/_concurrency_py3k.py:201: in greenlet_spawn
    result = context.throw(*sys.exc_info())
             ^^^^^^^^^^^^^^^^^^^^^^^^^^^^^^
.venv/lib/python3.11/site-packages/sqlalchemy/orm/session.py:2373: in execute
    return self._execute_internal(
.venv/lib/python3.11/site-packages/sqlalchemy/orm/session.py:2261: in _execute_internal
    conn = self._connection_for_bind(bind)
           ^^^^^^^^^^^^^^^^^^^^^^^^^^^^^^^
.venv/lib/python3.11/site-packages/sqlalchemy/orm/session.py:2113: in _connection_for_bind
    return trans._connection_for_bind(engine, execution_options)
           ^^^^^^^^^^^^^^^^^^^^^^^^^^^^^^^^^^^^^^^^^^^^^^^^^^^^^
<string>:2: in _connection_for_bind
    ???
.venv/lib/python3.11/site-packages/sqlalchemy/orm/state_changes.py:137: in _go
    ret_value = fn(self, *arg, **kw)
                ^^^^^^^^^^^^^^^^^^^^
.venv/lib/python3.11/site-packages/sqlalchemy/orm/session.py:1191: in _connection_for_bind
    conn = bind.connect()
           ^^^^^^^^^^^^^^
.venv/lib/python3.11/site-packages/sqlalchemy/engine/base.py:3295: in connect
    return self._connection_cls(self)
           ^^^^^^^^^^^^^^^^^^^^^^^^^^
.venv/lib/python3.11/site-packages/sqlalchemy/engine/base.py:144: in __init__
    self._dbapi_connection = engine.raw_connection()
                             ^^^^^^^^^^^^^^^^^^^^^^^
.venv/lib/python3.11/site-packages/sqlalchemy/engine/base.py:3319: in raw_connection
    return self.pool.connect()
           ^^^^^^^^^^^^^^^^^^^
.venv/lib/python3.11/site-packages/sqlalchemy/pool/base.py:448: in connect
    return _ConnectionFairy._checkout(self)
           ^^^^^^^^^^^^^^^^^^^^^^^^^^^^^^^^
.venv/lib/python3.11/site-packages/sqlalchemy/pool/base.py:1272: in _checkout
    fairy = _ConnectionRecord.checkout(pool)
            ^^^^^^^^^^^^^^^^^^^^^^^^^^^^^^^^
.venv/lib/python3.11/site-packages/sqlalchemy/pool/base.py:712: in checkout
    rec = pool._do_get()
          ^^^^^^^^^^^^^^
.venv/lib/python3.11/site-packages/sqlalchemy/pool/impl.py:178: in _do_get
    with util.safe_reraise():
.venv/lib/python3.11/site-packages/sqlalchemy/util/langhelpers.py:122: in __exit__
    raise exc_value.with_traceback(exc_tb)
.venv/lib/python3.11/site-packages/sqlalchemy/pool/impl.py:176: in _do_get
    return self._create_connection()
           ^^^^^^^^^^^^^^^^^^^^^^^^^
.venv/lib/python3.11/site-packages/sqlalchemy/pool/base.py:389: in _create_connection
    return _ConnectionRecord(self)
           ^^^^^^^^^^^^^^^^^^^^^^^
.venv/lib/python3.11/site-packages/sqlalchemy/pool/base.py:674: in __init__
    self.__connect()
.venv/lib/python3.11/site-packages/sqlalchemy/pool/base.py:900: in __connect
    with util.safe_reraise():
.venv/lib/python3.11/site-packages/sqlalchemy/util/langhelpers.py:122: in __exit__
    raise exc_value.with_traceback(exc_tb)
.venv/lib/python3.11/site-packages/sqlalchemy/pool/base.py:896: in __connect
    self.dbapi_connection = connection = pool._invoke_creator(self)
                                         ^^^^^^^^^^^^^^^^^^^^^^^^^^
.venv/lib/python3.11/site-packages/sqlalchemy/engine/create.py:667: in connect
    return dialect.connect(*cargs_tup, **cparams)
           ^^^^^^^^^^^^^^^^^^^^^^^^^^^^^^^^^^^^^^
.venv/lib/python3.11/site-packages/sqlalchemy/engine/default.py:630: in connect
    return self.loaded_dbapi.connect(*cargs, **cparams)  # type: ignore[no-any-return]  # NOQA: E501
           ^^^^^^^^^^^^^^^^^^^^^^^^^^^^^^^^^^^^^^^^^^^^
.venv/lib/python3.11/site-packages/sqlalchemy/dialects/postgresql/asyncpg.py:955: in connect
    await_only(creator_fn(*arg, **kw)),
    ^^^^^^^^^^^^^^^^^^^^^^^^^^^^^^^^^^
.venv/lib/python3.11/site-packages/sqlalchemy/util/_concurrency_py3k.py:132: in await_only
    return current.parent.switch(awaitable)  # type: ignore[no-any-return,attr-defined] # noqa: E501
           ^^^^^^^^^^^^^^^^^^^^^^^^^^^^^^^^
.venv/lib/python3.11/site-packages/sqlalchemy/util/_concurrency_py3k.py:196: in greenlet_spawn
    value = await result
            ^^^^^^^^^^^^
.venv/lib/python3.11/site-packages/asyncpg/connection.py:2443: in connect
    return await connect_utils._connect(
.venv/lib/python3.11/site-packages/asyncpg/connect_utils.py:1249: in _connect
    raise last_error or exceptions.TargetServerAttributeNotMatched(
.venv/lib/python3.11/site-packages/asyncpg/connect_utils.py:1218: in _connect
    conn = await _connect_addr(
.venv/lib/python3.11/site-packages/asyncpg/connect_utils.py:1054: in _connect_addr
    return await __connect_addr(params, True, *args)
           ^^^^^^^^^^^^^^^^^^^^^^^^^^^^^^^^^^^^^^^^^
.venv/lib/python3.11/site-packages/asyncpg/connect_utils.py:1099: in __connect_addr
    tr, pr = await connector
             ^^^^^^^^^^^^^^^
.venv/lib/python3.11/site-packages/asyncpg/connect_utils.py:969: in _create_ssl_connection
    tr, pr = await loop.create_connection(
/opt/homebrew/Cellar/python@3.11/3.11.15_3/Frameworks/Python.framework/Versions/3.11/lib/python3.11/asyncio/base_events.py:1094: in create_connection
    raise OSError('Multiple exceptions: {}'.format(
E   OSError: Multiple exceptions: [Errno 61] Connect call failed ('127.0.0.1', 5432), [Errno 61] Connect call failed ('::1', 5432, 0, 0)
_ test_refuses_out_of_scope_questions[Recomi\xe9ndame una pel\xedcula para ver hoy] _
tests/test_rag_boundaries.py:38: in test_refuses_out_of_scope_questions
    reply = await chat_rag(question, session_id, db_session)
            ^^^^^^^^^^^^^^^^^^^^^^^^^^^^^^^^^^^^^^^^^^^^^^^^
agent/chat_rag.py:101: in chat_rag
    history = await get_history(session_id, db, limit=6)
              ^^^^^^^^^^^^^^^^^^^^^^^^^^^^^^^^^^^^^^^^^^
agent/memory.py:14: in get_history
    result = await db.execute(stmt)
             ^^^^^^^^^^^^^^^^^^^^^^
.venv/lib/python3.11/site-packages/sqlalchemy/ext/asyncio/session.py:448: in execute
    result = await greenlet_spawn(
.venv/lib/python3.11/site-packages/sqlalchemy/util/_concurrency_py3k.py:201: in greenlet_spawn
    result = context.throw(*sys.exc_info())
             ^^^^^^^^^^^^^^^^^^^^^^^^^^^^^^
.venv/lib/python3.11/site-packages/sqlalchemy/orm/session.py:2373: in execute
    return self._execute_internal(
.venv/lib/python3.11/site-packages/sqlalchemy/orm/session.py:2261: in _execute_internal
    conn = self._connection_for_bind(bind)
           ^^^^^^^^^^^^^^^^^^^^^^^^^^^^^^^
.venv/lib/python3.11/site-packages/sqlalchemy/orm/session.py:2113: in _connection_for_bind
    return trans._connection_for_bind(engine, execution_options)
           ^^^^^^^^^^^^^^^^^^^^^^^^^^^^^^^^^^^^^^^^^^^^^^^^^^^^^
<string>:2: in _connection_for_bind
    ???
.venv/lib/python3.11/site-packages/sqlalchemy/orm/state_changes.py:137: in _go
    ret_value = fn(self, *arg, **kw)
                ^^^^^^^^^^^^^^^^^^^^
.venv/lib/python3.11/site-packages/sqlalchemy/orm/session.py:1191: in _connection_for_bind
    conn = bind.connect()
           ^^^^^^^^^^^^^^
.venv/lib/python3.11/site-packages/sqlalchemy/engine/base.py:3295: in connect
    return self._connection_cls(self)
           ^^^^^^^^^^^^^^^^^^^^^^^^^^
.venv/lib/python3.11/site-packages/sqlalchemy/engine/base.py:144: in __init__
    self._dbapi_connection = engine.raw_connection()
                             ^^^^^^^^^^^^^^^^^^^^^^^
.venv/lib/python3.11/site-packages/sqlalchemy/engine/base.py:3319: in raw_connection
    return self.pool.connect()
           ^^^^^^^^^^^^^^^^^^^
.venv/lib/python3.11/site-packages/sqlalchemy/pool/base.py:448: in connect
    return _ConnectionFairy._checkout(self)
           ^^^^^^^^^^^^^^^^^^^^^^^^^^^^^^^^
.venv/lib/python3.11/site-packages/sqlalchemy/pool/base.py:1272: in _checkout
    fairy = _ConnectionRecord.checkout(pool)
            ^^^^^^^^^^^^^^^^^^^^^^^^^^^^^^^^
.venv/lib/python3.11/site-packages/sqlalchemy/pool/base.py:712: in checkout
    rec = pool._do_get()
          ^^^^^^^^^^^^^^
.venv/lib/python3.11/site-packages/sqlalchemy/pool/impl.py:178: in _do_get
    with util.safe_reraise():
.venv/lib/python3.11/site-packages/sqlalchemy/util/langhelpers.py:122: in __exit__
    raise exc_value.with_traceback(exc_tb)
.venv/lib/python3.11/site-packages/sqlalchemy/pool/impl.py:176: in _do_get
    return self._create_connection()
           ^^^^^^^^^^^^^^^^^^^^^^^^^
.venv/lib/python3.11/site-packages/sqlalchemy/pool/base.py:389: in _create_connection
    return _ConnectionRecord(self)
           ^^^^^^^^^^^^^^^^^^^^^^^
.venv/lib/python3.11/site-packages/sqlalchemy/pool/base.py:674: in __init__
    self.__connect()
.venv/lib/python3.11/site-packages/sqlalchemy/pool/base.py:900: in __connect
    with util.safe_reraise():
.venv/lib/python3.11/site-packages/sqlalchemy/util/langhelpers.py:122: in __exit__
    raise exc_value.with_traceback(exc_tb)
.venv/lib/python3.11/site-packages/sqlalchemy/pool/base.py:896: in __connect
    self.dbapi_connection = connection = pool._invoke_creator(self)
                                         ^^^^^^^^^^^^^^^^^^^^^^^^^^
.venv/lib/python3.11/site-packages/sqlalchemy/engine/create.py:667: in connect
    return dialect.connect(*cargs_tup, **cparams)
           ^^^^^^^^^^^^^^^^^^^^^^^^^^^^^^^^^^^^^^
.venv/lib/python3.11/site-packages/sqlalchemy/engine/default.py:630: in connect
    return self.loaded_dbapi.connect(*cargs, **cparams)  # type: ignore[no-any-return]  # NOQA: E501
           ^^^^^^^^^^^^^^^^^^^^^^^^^^^^^^^^^^^^^^^^^^^^
.venv/lib/python3.11/site-packages/sqlalchemy/dialects/postgresql/asyncpg.py:955: in connect
    await_only(creator_fn(*arg, **kw)),
    ^^^^^^^^^^^^^^^^^^^^^^^^^^^^^^^^^^
.venv/lib/python3.11/site-packages/sqlalchemy/util/_concurrency_py3k.py:132: in await_only
    return current.parent.switch(awaitable)  # type: ignore[no-any-return,attr-defined] # noqa: E501
           ^^^^^^^^^^^^^^^^^^^^^^^^^^^^^^^^
.venv/lib/python3.11/site-packages/sqlalchemy/util/_concurrency_py3k.py:196: in greenlet_spawn
    value = await result
            ^^^^^^^^^^^^
.venv/lib/python3.11/site-packages/asyncpg/connection.py:2443: in connect
    return await connect_utils._connect(
.venv/lib/python3.11/site-packages/asyncpg/connect_utils.py:1249: in _connect
    raise last_error or exceptions.TargetServerAttributeNotMatched(
.venv/lib/python3.11/site-packages/asyncpg/connect_utils.py:1218: in _connect
    conn = await _connect_addr(
.venv/lib/python3.11/site-packages/asyncpg/connect_utils.py:1054: in _connect_addr
    return await __connect_addr(params, True, *args)
           ^^^^^^^^^^^^^^^^^^^^^^^^^^^^^^^^^^^^^^^^^
.venv/lib/python3.11/site-packages/asyncpg/connect_utils.py:1099: in __connect_addr
    tr, pr = await connector
             ^^^^^^^^^^^^^^^
.venv/lib/python3.11/site-packages/asyncpg/connect_utils.py:969: in _create_ssl_connection
    tr, pr = await loop.create_connection(
/opt/homebrew/Cellar/python@3.11/3.11.15_3/Frameworks/Python.framework/Versions/3.11/lib/python3.11/asyncio/base_events.py:1094: in create_connection
    raise OSError('Multiple exceptions: {}'.format(
E   OSError: Multiple exceptions: [Errno 61] Connect call failed ('127.0.0.1', 5432), [Errno 61] Connect call failed ('::1', 5432, 0, 0)
_ test_answers_in_scope_questions_without_refusing[\xbfQu\xe9 riesgo de deslizamiento hay en Villatina?] _
tests/test_rag_boundaries.py:49: in test_answers_in_scope_questions_without_refusing
    reply = await chat_rag(question, session_id, db_session)
            ^^^^^^^^^^^^^^^^^^^^^^^^^^^^^^^^^^^^^^^^^^^^^^^^
agent/chat_rag.py:101: in chat_rag
    history = await get_history(session_id, db, limit=6)
              ^^^^^^^^^^^^^^^^^^^^^^^^^^^^^^^^^^^^^^^^^^
agent/memory.py:14: in get_history
    result = await db.execute(stmt)
             ^^^^^^^^^^^^^^^^^^^^^^
.venv/lib/python3.11/site-packages/sqlalchemy/ext/asyncio/session.py:448: in execute
    result = await greenlet_spawn(
.venv/lib/python3.11/site-packages/sqlalchemy/util/_concurrency_py3k.py:201: in greenlet_spawn
    result = context.throw(*sys.exc_info())
             ^^^^^^^^^^^^^^^^^^^^^^^^^^^^^^
.venv/lib/python3.11/site-packages/sqlalchemy/orm/session.py:2373: in execute
    return self._execute_internal(
.venv/lib/python3.11/site-packages/sqlalchemy/orm/session.py:2261: in _execute_internal
    conn = self._connection_for_bind(bind)
           ^^^^^^^^^^^^^^^^^^^^^^^^^^^^^^^
.venv/lib/python3.11/site-packages/sqlalchemy/orm/session.py:2113: in _connection_for_bind
    return trans._connection_for_bind(engine, execution_options)
           ^^^^^^^^^^^^^^^^^^^^^^^^^^^^^^^^^^^^^^^^^^^^^^^^^^^^^
<string>:2: in _connection_for_bind
    ???
.venv/lib/python3.11/site-packages/sqlalchemy/orm/state_changes.py:137: in _go
    ret_value = fn(self, *arg, **kw)
                ^^^^^^^^^^^^^^^^^^^^
.venv/lib/python3.11/site-packages/sqlalchemy/orm/session.py:1191: in _connection_for_bind
    conn = bind.connect()
           ^^^^^^^^^^^^^^
.venv/lib/python3.11/site-packages/sqlalchemy/engine/base.py:3295: in connect
    return self._connection_cls(self)
           ^^^^^^^^^^^^^^^^^^^^^^^^^^
.venv/lib/python3.11/site-packages/sqlalchemy/engine/base.py:144: in __init__
    self._dbapi_connection = engine.raw_connection()
                             ^^^^^^^^^^^^^^^^^^^^^^^
.venv/lib/python3.11/site-packages/sqlalchemy/engine/base.py:3319: in raw_connection
    return self.pool.connect()
           ^^^^^^^^^^^^^^^^^^^
.venv/lib/python3.11/site-packages/sqlalchemy/pool/base.py:448: in connect
    return _ConnectionFairy._checkout(self)
           ^^^^^^^^^^^^^^^^^^^^^^^^^^^^^^^^
.venv/lib/python3.11/site-packages/sqlalchemy/pool/base.py:1272: in _checkout
    fairy = _ConnectionRecord.checkout(pool)
            ^^^^^^^^^^^^^^^^^^^^^^^^^^^^^^^^
.venv/lib/python3.11/site-packages/sqlalchemy/pool/base.py:712: in checkout
    rec = pool._do_get()
          ^^^^^^^^^^^^^^
.venv/lib/python3.11/site-packages/sqlalchemy/pool/impl.py:178: in _do_get
    with util.safe_reraise():
.venv/lib/python3.11/site-packages/sqlalchemy/util/langhelpers.py:122: in __exit__
    raise exc_value.with_traceback(exc_tb)
.venv/lib/python3.11/site-packages/sqlalchemy/pool/impl.py:176: in _do_get
    return self._create_connection()
           ^^^^^^^^^^^^^^^^^^^^^^^^^
.venv/lib/python3.11/site-packages/sqlalchemy/pool/base.py:389: in _create_connection
    return _ConnectionRecord(self)
           ^^^^^^^^^^^^^^^^^^^^^^^
.venv/lib/python3.11/site-packages/sqlalchemy/pool/base.py:674: in __init__
    self.__connect()
.venv/lib/python3.11/site-packages/sqlalchemy/pool/base.py:900: in __connect
    with util.safe_reraise():
.venv/lib/python3.11/site-packages/sqlalchemy/util/langhelpers.py:122: in __exit__
    raise exc_value.with_traceback(exc_tb)
.venv/lib/python3.11/site-packages/sqlalchemy/pool/base.py:896: in __connect
    self.dbapi_connection = connection = pool._invoke_creator(self)
                                         ^^^^^^^^^^^^^^^^^^^^^^^^^^
.venv/lib/python3.11/site-packages/sqlalchemy/engine/create.py:667: in connect
    return dialect.connect(*cargs_tup, **cparams)
           ^^^^^^^^^^^^^^^^^^^^^^^^^^^^^^^^^^^^^^
.venv/lib/python3.11/site-packages/sqlalchemy/engine/default.py:630: in connect
    return self.loaded_dbapi.connect(*cargs, **cparams)  # type: ignore[no-any-return]  # NOQA: E501
           ^^^^^^^^^^^^^^^^^^^^^^^^^^^^^^^^^^^^^^^^^^^^
.venv/lib/python3.11/site-packages/sqlalchemy/dialects/postgresql/asyncpg.py:955: in connect
    await_only(creator_fn(*arg, **kw)),
    ^^^^^^^^^^^^^^^^^^^^^^^^^^^^^^^^^^
.venv/lib/python3.11/site-packages/sqlalchemy/util/_concurrency_py3k.py:132: in await_only
    return current.parent.switch(awaitable)  # type: ignore[no-any-return,attr-defined] # noqa: E501
           ^^^^^^^^^^^^^^^^^^^^^^^^^^^^^^^^
.venv/lib/python3.11/site-packages/sqlalchemy/util/_concurrency_py3k.py:196: in greenlet_spawn
    value = await result
            ^^^^^^^^^^^^
.venv/lib/python3.11/site-packages/asyncpg/connection.py:2443: in connect
    return await connect_utils._connect(
.venv/lib/python3.11/site-packages/asyncpg/connect_utils.py:1249: in _connect
    raise last_error or exceptions.TargetServerAttributeNotMatched(
.venv/lib/python3.11/site-packages/asyncpg/connect_utils.py:1218: in _connect
    conn = await _connect_addr(
.venv/lib/python3.11/site-packages/asyncpg/connect_utils.py:1054: in _connect_addr
    return await __connect_addr(params, True, *args)
           ^^^^^^^^^^^^^^^^^^^^^^^^^^^^^^^^^^^^^^^^^
.venv/lib/python3.11/site-packages/asyncpg/connect_utils.py:1099: in __connect_addr
    tr, pr = await connector
             ^^^^^^^^^^^^^^^
.venv/lib/python3.11/site-packages/asyncpg/connect_utils.py:969: in _create_ssl_connection
    tr, pr = await loop.create_connection(
/opt/homebrew/Cellar/python@3.11/3.11.15_3/Frameworks/Python.framework/Versions/3.11/lib/python3.11/asyncio/base_events.py:1094: in create_connection
    raise OSError('Multiple exceptions: {}'.format(
E   OSError: Multiple exceptions: [Errno 61] Connect call failed ('127.0.0.1', 5432), [Errno 61] Connect call failed ('::1', 5432, 0, 0)
_ test_answers_in_scope_questions_without_refusing[\xbfCu\xe1nta lluvia ha ca\xeddo esta semana en Medell\xedn?] _
tests/test_rag_boundaries.py:49: in test_answers_in_scope_questions_without_refusing
    reply = await chat_rag(question, session_id, db_session)
            ^^^^^^^^^^^^^^^^^^^^^^^^^^^^^^^^^^^^^^^^^^^^^^^^
agent/chat_rag.py:101: in chat_rag
    history = await get_history(session_id, db, limit=6)
              ^^^^^^^^^^^^^^^^^^^^^^^^^^^^^^^^^^^^^^^^^^
agent/memory.py:14: in get_history
    result = await db.execute(stmt)
             ^^^^^^^^^^^^^^^^^^^^^^
.venv/lib/python3.11/site-packages/sqlalchemy/ext/asyncio/session.py:448: in execute
    result = await greenlet_spawn(
.venv/lib/python3.11/site-packages/sqlalchemy/util/_concurrency_py3k.py:201: in greenlet_spawn
    result = context.throw(*sys.exc_info())
             ^^^^^^^^^^^^^^^^^^^^^^^^^^^^^^
.venv/lib/python3.11/site-packages/sqlalchemy/orm/session.py:2373: in execute
    return self._execute_internal(
.venv/lib/python3.11/site-packages/sqlalchemy/orm/session.py:2261: in _execute_internal
    conn = self._connection_for_bind(bind)
           ^^^^^^^^^^^^^^^^^^^^^^^^^^^^^^^
.venv/lib/python3.11/site-packages/sqlalchemy/orm/session.py:2113: in _connection_for_bind
    return trans._connection_for_bind(engine, execution_options)
           ^^^^^^^^^^^^^^^^^^^^^^^^^^^^^^^^^^^^^^^^^^^^^^^^^^^^^
<string>:2: in _connection_for_bind
    ???
.venv/lib/python3.11/site-packages/sqlalchemy/orm/state_changes.py:137: in _go
    ret_value = fn(self, *arg, **kw)
                ^^^^^^^^^^^^^^^^^^^^
.venv/lib/python3.11/site-packages/sqlalchemy/orm/session.py:1191: in _connection_for_bind
    conn = bind.connect()
           ^^^^^^^^^^^^^^
.venv/lib/python3.11/site-packages/sqlalchemy/engine/base.py:3295: in connect
    return self._connection_cls(self)
           ^^^^^^^^^^^^^^^^^^^^^^^^^^
.venv/lib/python3.11/site-packages/sqlalchemy/engine/base.py:144: in __init__
    self._dbapi_connection = engine.raw_connection()
                             ^^^^^^^^^^^^^^^^^^^^^^^
.venv/lib/python3.11/site-packages/sqlalchemy/engine/base.py:3319: in raw_connection
    return self.pool.connect()
           ^^^^^^^^^^^^^^^^^^^
.venv/lib/python3.11/site-packages/sqlalchemy/pool/base.py:448: in connect
    return _ConnectionFairy._checkout(self)
           ^^^^^^^^^^^^^^^^^^^^^^^^^^^^^^^^
.venv/lib/python3.11/site-packages/sqlalchemy/pool/base.py:1272: in _checkout
    fairy = _ConnectionRecord.checkout(pool)
            ^^^^^^^^^^^^^^^^^^^^^^^^^^^^^^^^
.venv/lib/python3.11/site-packages/sqlalchemy/pool/base.py:712: in checkout
    rec = pool._do_get()
          ^^^^^^^^^^^^^^
.venv/lib/python3.11/site-packages/sqlalchemy/pool/impl.py:178: in _do_get
    with util.safe_reraise():
.venv/lib/python3.11/site-packages/sqlalchemy/util/langhelpers.py:122: in __exit__
    raise exc_value.with_traceback(exc_tb)
.venv/lib/python3.11/site-packages/sqlalchemy/pool/impl.py:176: in _do_get
    return self._create_connection()
           ^^^^^^^^^^^^^^^^^^^^^^^^^
.venv/lib/python3.11/site-packages/sqlalchemy/pool/base.py:389: in _create_connection
    return _ConnectionRecord(self)
           ^^^^^^^^^^^^^^^^^^^^^^^
.venv/lib/python3.11/site-packages/sqlalchemy/pool/base.py:674: in __init__
    self.__connect()
.venv/lib/python3.11/site-packages/sqlalchemy/pool/base.py:900: in __connect
    with util.safe_reraise():
.venv/lib/python3.11/site-packages/sqlalchemy/util/langhelpers.py:122: in __exit__
    raise exc_value.with_traceback(exc_tb)
.venv/lib/python3.11/site-packages/sqlalchemy/pool/base.py:896: in __connect
    self.dbapi_connection = connection = pool._invoke_creator(self)
                                         ^^^^^^^^^^^^^^^^^^^^^^^^^^
.venv/lib/python3.11/site-packages/sqlalchemy/engine/create.py:667: in connect
    return dialect.connect(*cargs_tup, **cparams)
           ^^^^^^^^^^^^^^^^^^^^^^^^^^^^^^^^^^^^^^
.venv/lib/python3.11/site-packages/sqlalchemy/engine/default.py:630: in connect
    return self.loaded_dbapi.connect(*cargs, **cparams)  # type: ignore[no-any-return]  # NOQA: E501
           ^^^^^^^^^^^^^^^^^^^^^^^^^^^^^^^^^^^^^^^^^^^^
.venv/lib/python3.11/site-packages/sqlalchemy/dialects/postgresql/asyncpg.py:955: in connect
    await_only(creator_fn(*arg, **kw)),
    ^^^^^^^^^^^^^^^^^^^^^^^^^^^^^^^^^^
.venv/lib/python3.11/site-packages/sqlalchemy/util/_concurrency_py3k.py:132: in await_only
    return current.parent.switch(awaitable)  # type: ignore[no-any-return,attr-defined] # noqa: E501
           ^^^^^^^^^^^^^^^^^^^^^^^^^^^^^^^^
.venv/lib/python3.11/site-packages/sqlalchemy/util/_concurrency_py3k.py:196: in greenlet_spawn
    value = await result
            ^^^^^^^^^^^^
.venv/lib/python3.11/site-packages/asyncpg/connection.py:2443: in connect
    return await connect_utils._connect(
.venv/lib/python3.11/site-packages/asyncpg/connect_utils.py:1249: in _connect
    raise last_error or exceptions.TargetServerAttributeNotMatched(
.venv/lib/python3.11/site-packages/asyncpg/connect_utils.py:1218: in _connect
    conn = await _connect_addr(
.venv/lib/python3.11/site-packages/asyncpg/connect_utils.py:1054: in _connect_addr
    return await __connect_addr(params, True, *args)
           ^^^^^^^^^^^^^^^^^^^^^^^^^^^^^^^^^^^^^^^^^
.venv/lib/python3.11/site-packages/asyncpg/connect_utils.py:1099: in __connect_addr
    tr, pr = await connector
             ^^^^^^^^^^^^^^^
.venv/lib/python3.11/site-packages/asyncpg/connect_utils.py:969: in _create_ssl_connection
    tr, pr = await loop.create_connection(
/opt/homebrew/Cellar/python@3.11/3.11.15_3/Frameworks/Python.framework/Versions/3.11/lib/python3.11/asyncio/base_events.py:1094: in create_connection
    raise OSError('Multiple exceptions: {}'.format(
E   OSError: Multiple exceptions: [Errno 61] Connect call failed ('127.0.0.1', 5432), [Errno 61] Connect call failed ('::1', 5432, 0, 0)
=========================== short test summary info ============================
FAILED tests/test_rag_boundaries.py::test_refuses_out_of_scope_questions[\xbfCu\xe1l es la capital de Jap\xf3n?]
FAILED tests/test_rag_boundaries.py::test_refuses_out_of_scope_questions[\xbfC\xf3mo se hace un panettone?]
FAILED tests/test_rag_boundaries.py::test_refuses_out_of_scope_questions[Cu\xe9ntame qu\xe9 pas\xf3 en la Segunda Guerra Mundial]
FAILED tests/test_rag_boundaries.py::test_refuses_out_of_scope_questions[Recomi\xe9ndame una pel\xedcula para ver hoy]
FAILED tests/test_rag_boundaries.py::test_answers_in_scope_questions_without_refusing[\xbfQu\xe9 riesgo de deslizamiento hay en Villatina?]
FAILED tests/test_rag_boundaries.py::test_answers_in_scope_questions_without_refusing[\xbfCu\xe1nta lluvia ha ca\xeddo esta semana en Medell\xedn?]
============================== 6 failed in 0.83s ===============================
